"2023-01-30 13:16:19 INFO  - Starting ProductMicroserviceApplication using Java 19.0.1 with PID 13548 (E:\Microservices-projects\Microservices_project\Product-Microservice\target\classes started by RAJA PALAI in E:\Microservices-projects\Microservices_project\Inventory-Microservice)
""2023-01-30 13:16:19 INFO  - No active profile set, falling back to 1 default profile: "default"
""2023-01-30 13:16:19 INFO  - Devtools property defaults active! Set 'spring.devtools.add-properties' to 'false' to disable
""2023-01-30 13:16:19 INFO  - For additional web related logging consider setting the 'logging.level.web' property to 'DEBUG'
""2023-01-30 13:16:20 INFO  - Bootstrapping Spring Data MongoDB repositories in DEFAULT mode.
""2023-01-30 13:16:20 INFO  - Finished Spring Data repository scanning in 159 ms. Found 1 MongoDB repository interfaces.
""2023-01-30 13:16:21 INFO  - BeanFactory id=517bdbfb-5a9d-3a63-b57e-5ab40a9838ee
""2023-01-30 13:16:21 INFO  - Bean 'com.productMicroservice.clientConfigServices.ApiClient' of type [org.springframework.cloud.openfeign.FeignClientFactoryBean] is not eligible for getting processed by all BeanPostProcessors (for example: not eligible for auto-proxying)
""2023-01-30 13:16:21 INFO  - Tomcat initialized with port(s): 9001 (http)
""2023-01-30 13:16:21 INFO  - Starting service [Tomcat]
""2023-01-30 13:16:21 INFO  - Starting Servlet engine: [Apache Tomcat/10.1.4]
""2023-01-30 13:16:21 INFO  - Initializing Spring embedded WebApplicationContext
""2023-01-30 13:16:21 INFO  - Root WebApplicationContext: initialization completed in 2426 ms
""2023-01-30 13:16:22 INFO  - MongoClient with metadata {"driver": {"name": "mongo-java-driver|sync|spring-boot", "version": "4.8.1"}, "os": {"type": "Windows", "name": "Windows 11", "architecture": "amd64", "version": "10.0"}, "platform": "Java/Oracle Corporation/19.0.1+10-21"} created with settings MongoClientSettings{readPreference=primary, writeConcern=WriteConcern{w=null, wTimeout=null ms, journal=null}, retryWrites=true, retryReads=true, readConcern=ReadConcern{level=null}, credential=null, streamFactoryFactory=null, commandListeners=[], codecRegistry=ProvidersCodecRegistry{codecProviders=[ValueCodecProvider{}, BsonValueCodecProvider{}, DBRefCodecProvider{}, DBObjectCodecProvider{}, DocumentCodecProvider{}, CollectionCodecProvider{}, IterableCodecProvider{}, MapCodecProvider{}, GeoJsonCodecProvider{}, GridFSFileCodecProvider{}, Jsr310CodecProvider{}, JsonObjectCodecProvider{}, BsonCodecProvider{}, EnumCodecProvider{}, com.mongodb.Jep395RecordCodecProvider@30ada476]}, clusterSettings={hosts=[localhost:27017], srvServiceName=mongodb, mode=SINGLE, requiredClusterType=UNKNOWN, requiredReplicaSetName='null', serverSelector='null', clusterListeners='[]', serverSelectionTimeout='30000 ms', localThreshold='30000 ms'}, socketSettings=SocketSettings{connectTimeoutMS=10000, readTimeoutMS=0, receiveBufferSize=0, sendBufferSize=0}, heartbeatSocketSettings=SocketSettings{connectTimeoutMS=10000, readTimeoutMS=10000, receiveBufferSize=0, sendBufferSize=0}, connectionPoolSettings=ConnectionPoolSettings{maxSize=100, minSize=0, maxWaitTimeMS=120000, maxConnectionLifeTimeMS=0, maxConnectionIdleTimeMS=0, maintenanceInitialDelayMS=0, maintenanceFrequencyMS=60000, connectionPoolListeners=[], maxConnecting=2}, serverSettings=ServerSettings{heartbeatFrequencyMS=10000, minHeartbeatFrequencyMS=500, serverListeners='[]', serverMonitorListeners='[]'}, sslSettings=SslSettings{enabled=false, invalidHostNameAllowed=false, context=null}, applicationName='null', compressorList=[], uuidRepresentation=STANDARD, serverApi=null, autoEncryptionSettings=null, contextProvider=null}
""2023-01-30 13:16:22 INFO  - Monitor thread successfully connected to server with description ServerDescription{address=localhost:27017, type=STANDALONE, state=CONNECTED, ok=true, minWireVersion=0, maxWireVersion=13, maxDocumentSize=16777216, logicalSessionTimeoutMinutes=30, roundTripTimeNanos=25669800}
""2023-01-30 13:16:22 WARN  - Unable to start LiveReload server
""2023-01-30 13:16:23 INFO  - Eureka HTTP Client uses RestTemplate.
""2023-01-30 13:16:23 WARN  - Spring Cloud LoadBalancer is currently working with the default cache. While this cache implementation is useful for development and tests, it's recommended to use Caffeine cache in production.You can switch to using Caffeine cache, by adding it and org.springframework.cache.caffeine.CaffeineCacheManager to the classpath.
""2023-01-30 13:16:23 INFO  - Setting initial instance status as: STARTING
""2023-01-30 13:16:23 INFO  - Initializing Eureka in region us-east-1
""2023-01-30 13:16:23 INFO  - Resolving eureka endpoints via configuration
""2023-01-30 13:16:23 INFO  - Disable delta property : false
""2023-01-30 13:16:23 INFO  - Single vip registry refresh property : null
""2023-01-30 13:16:23 INFO  - Force full registry fetch : false
""2023-01-30 13:16:23 INFO  - Application is null : false
""2023-01-30 13:16:23 INFO  - Registered Applications size is zero : true
""2023-01-30 13:16:23 INFO  - Application version is -1: true
""2023-01-30 13:16:23 INFO  - Getting all instance registry info from the eureka server
""2023-01-30 13:16:24 INFO  - The response status is 200
""2023-01-30 13:16:24 INFO  - Starting heartbeat executor: renew interval is: 30
""2023-01-30 13:16:24 INFO  - InstanceInfoReplicator onDemand update allowed rate per min is 4
""2023-01-30 13:16:24 INFO  - Discovery Client initialized at timestamp 1675064784191 with initial instances count: 1
""2023-01-30 13:16:24 INFO  - Registering application PRODUCT-SERVICE with eureka with status UP
""2023-01-30 13:16:24 INFO  - Saw local status change event StatusChangeEvent [timestamp=1675064784200, current=UP, previous=STARTING]
""2023-01-30 13:16:24 INFO  - DiscoveryClient_PRODUCT-SERVICE/host.docker.internal:PRODUCT-SERVICE:9001: registering service...
""2023-01-30 13:16:24 INFO  - DiscoveryClient_PRODUCT-SERVICE/host.docker.internal:PRODUCT-SERVICE:9001 - registration status: 204
""2023-01-30 13:16:24 INFO  - Tomcat started on port(s): 9001 (http) with context path ''
""2023-01-30 13:16:24 INFO  - Updating port to 9001
""2023-01-30 13:16:24 INFO  - Started ProductMicroserviceApplication in 5.858 seconds (process running for 6.601)
""2023-01-30 13:16:28 INFO  - Initializing Spring DispatcherServlet 'dispatcherServlet'
""2023-01-30 13:16:28 INFO  - ProductService:createNewProduct execution started.
""2023-01-30 13:16:29 INFO  - ProductService:createNewProduct execution ended.
""2023-01-30 13:16:29 INFO  - ProductController::addNewProduct execution started.
""2023-01-30 13:16:29 INFO  - ProductController::addNewProduct request body {"productName":"HTC","productDescription":"APPLE iPhone 13 (Blue, 128 GB)","productAmount":61999,"productType":"Mobiles & Tablets","productSupplierName":"iDestiny"}
""2023-01-30 13:16:29 INFO  - ProductController::addNewProduct execution ended.
""2023-01-30 13:17:25 INFO  - ProductService:getProductById execution started.
""2023-01-30 13:17:25 INFO  - InventoryDTO(inventoryId=24cc, productId=d3a3811b, quantity=10, isInStock=null) 
""2023-01-30 13:17:25 INFO  - ProductService:getProductById execution ended.
""2023-01-30 13:17:25 INFO  - ProductController::getProduct by id  d3a3811b
""2023-01-30 13:17:25 INFO  - ProductController::getProduct by id  d3a3811b response {"productId":"d3a3811b","productName":"Apple","productDescription":"APPLE iPhone 13 (Blue, 128 GB)","productAmount":61999,"productType":"Mobiles & Tablets","productSupplierName":"iDestiny","productSupplierCode":"13682421","inventory":{"inventoryId":"24cc","productId":"d3a3811b","quantity":10,"isInStock":null}}
""2023-01-30 13:17:25 INFO  - ProductController::getProduct by id execution ended.
""2023-01-30 13:21:23 INFO  - Resolving eureka endpoints via configuration
""2023-01-30 13:23:14 INFO  - ProductService:createNewProduct execution started.
""2023-01-30 13:23:14 INFO  - ProductService:createNewProduct execution ended.
""2023-01-30 13:23:14 INFO  - ProductController::addNewProduct execution started.
""2023-01-30 13:23:14 INFO  - ProductController::addNewProduct request body {"productName":"HTC","productDescription":"APPLE iPhone 13 (Blue, 128 GB)","productAmount":61999,"productType":"Mobiles & Tablets","productSupplierName":"iDestiny"}
""2023-01-30 13:23:14 INFO  - ProductController::addNewProduct execution ended.
""2023-01-30 13:26:03 INFO  - ProductService:getProductById execution started.
""2023-01-30 13:26:03 INFO  - InventoryDTO(inventoryId=24cc, productId=d3a3811b, quantity=10, isInStock=null) 
""2023-01-30 13:26:03 INFO  - ProductService:getProductById execution ended.
""2023-01-30 13:26:03 INFO  - ProductController::getProduct by id  d3a3811b
""2023-01-30 13:26:03 INFO  - ProductController::getProduct by id  d3a3811b response {"productId":"d3a3811b","productName":"Apple","productDescription":"APPLE iPhone 13 (Blue, 128 GB)","productAmount":61999,"productType":"Mobiles & Tablets","productSupplierName":"iDestiny","productSupplierCode":"13682421","inventory":{"inventoryId":"24cc","productId":"d3a3811b","quantity":10,"isInStock":null}}
""2023-01-30 13:26:03 INFO  - ProductController::getProduct by id execution ended.
""2023-01-30 13:26:15 INFO  - ProductService:getProductById execution started.
""2023-01-30 13:26:15 INFO  - InventoryDTO(inventoryId=24cc, productId=d3a3811b, quantity=10, isInStock=null) 
""2023-01-30 13:26:15 INFO  - ProductService:getProductById execution ended.
""2023-01-30 13:26:15 INFO  - ProductController::getProduct by id  d3a3811b
""2023-01-30 13:26:15 INFO  - ProductController::getProduct by id  d3a3811b response {"productId":"d3a3811b","productName":"Apple","productDescription":"APPLE iPhone 13 (Blue, 128 GB)","productAmount":61999,"productType":"Mobiles & Tablets","productSupplierName":"iDestiny","productSupplierCode":"13682421","inventory":{"inventoryId":"24cc","productId":"d3a3811b","quantity":10,"isInStock":null}}
""2023-01-30 13:26:15 INFO  - ProductController::getProduct by id execution ended.
""2023-01-30 13:26:17 INFO  - ProductService:getProductById execution started.
""2023-01-30 13:26:17 INFO  - InventoryDTO(inventoryId=24cc, productId=d3a3811b, quantity=10, isInStock=null) 
""2023-01-30 13:26:17 INFO  - ProductService:getProductById execution ended.
""2023-01-30 13:26:17 INFO  - ProductController::getProduct by id  d3a3811b
""2023-01-30 13:26:17 INFO  - ProductController::getProduct by id  d3a3811b response {"productId":"d3a3811b","productName":"Apple","productDescription":"APPLE iPhone 13 (Blue, 128 GB)","productAmount":61999,"productType":"Mobiles & Tablets","productSupplierName":"iDestiny","productSupplierCode":"13682421","inventory":{"inventoryId":"24cc","productId":"d3a3811b","quantity":10,"isInStock":null}}
""2023-01-30 13:26:17 INFO  - ProductController::getProduct by id execution ended.
""2023-01-30 13:26:23 INFO  - Resolving eureka endpoints via configuration
""2023-01-30 13:26:54 INFO  - ProductService:getProductById execution started.
""2023-01-30 13:26:54 INFO  - InventoryDTO(inventoryId=24cc, productId=d3a3811b, quantity=10, isInStock=null) 
""2023-01-30 13:26:54 INFO  - ProductService:getProductById execution ended.
""2023-01-30 13:26:54 INFO  - ProductController::getProduct by id  d3a3811b
""2023-01-30 13:26:54 INFO  - ProductController::getProduct by id  d3a3811b response {"productId":"d3a3811b","productName":"Apple","productDescription":"APPLE iPhone 13 (Blue, 128 GB)","productAmount":61999,"productType":"Mobiles & Tablets","productSupplierName":"iDestiny","productSupplierCode":"13682421","inventory":{"inventoryId":"24cc","productId":"d3a3811b","quantity":10,"isInStock":null}}
""2023-01-30 13:26:54 INFO  - ProductController::getProduct by id execution ended.
""2023-01-30 13:26:58 INFO  - ProductService:getProductById execution started.
""2023-01-30 13:26:58 INFO  - InventoryDTO(inventoryId=5b73, productId=f62f27e8, quantity=10, isInStock=null) 
""2023-01-30 13:26:58 INFO  - ProductService:getProductById execution ended.
""2023-01-30 13:26:58 INFO  - ProductController::getProduct by id  f62f27e8
""2023-01-30 13:26:58 INFO  - ProductController::getProduct by id  f62f27e8 response {"productId":"f62f27e8","productName":"HTC","productDescription":"APPLE iPhone 13 (Blue, 128 GB)","productAmount":61999,"productType":"Mobiles & Tablets","productSupplierName":"iDestiny","productSupplierCode":"1ba643ac","inventory":{"inventoryId":"5b73","productId":"f62f27e8","quantity":10,"isInStock":null}}
""2023-01-30 13:26:58 INFO  - ProductController::getProduct by id execution ended.
""2023-01-30 13:28:11 INFO  - ProductService:createNewProduct execution started.
""2023-01-30 13:28:11 INFO  - ProductService:createNewProduct execution ended.
""2023-01-30 13:28:11 INFO  - ProductController::addNewProduct execution started.
""2023-01-30 13:28:11 INFO  - ProductController::addNewProduct request body {"productName":"Apple Iphone","productDescription":"APPLE iPhone 13 (Blue, 128 GB)","productAmount":61999,"productType":"Mobiles & Tablets","productSupplierName":"iDestiny"}
""2023-01-30 13:28:11 INFO  - ProductController::addNewProduct execution ended.
""2023-01-30 13:28:41 INFO  - ProductService:getProductById execution started.
""2023-01-30 13:28:41 INFO  - InventoryDTO(inventoryId=6aed, productId=6fbdadde, quantity=10, isInStock=null) 
""2023-01-30 13:28:41 INFO  - ProductService:getProductById execution ended.
""2023-01-30 13:28:41 INFO  - ProductController::getProduct by id  6fbdadde
""2023-01-30 13:28:41 INFO  - ProductController::getProduct by id  6fbdadde response {"productId":"6fbdadde","productName":"Apple Iphone","productDescription":"APPLE iPhone 13 (Blue, 128 GB)","productAmount":61999,"productType":"Mobiles & Tablets","productSupplierName":"iDestiny","productSupplierCode":"37106c24","inventory":{"inventoryId":"6aed","productId":"6fbdadde","quantity":10,"isInStock":null}}
""2023-01-30 13:28:41 INFO  - ProductController::getProduct by id execution ended.
""2023-01-30 13:31:23 INFO  - Resolving eureka endpoints via configuration
""2023-01-30 13:34:59 INFO  - Unregistering application PRODUCT-SERVICE with eureka with status DOWN
""2023-01-30 13:34:59 INFO  - Saw local status change event StatusChangeEvent [timestamp=1675065899060, current=DOWN, previous=UP]
""2023-01-30 13:34:59 INFO  - DiscoveryClient_PRODUCT-SERVICE/host.docker.internal:PRODUCT-SERVICE:9001: registering service...
""2023-01-30 13:34:59 INFO  - DiscoveryClient_PRODUCT-SERVICE/host.docker.internal:PRODUCT-SERVICE:9001 - registration status: 204
""2023-01-30 13:34:59 INFO  - Shutting down DiscoveryClient ...
""2023-01-30 13:35:02 INFO  - Unregistering ...
""2023-01-30 13:35:02 INFO  - DiscoveryClient_PRODUCT-SERVICE/host.docker.internal:PRODUCT-SERVICE:9001 - deregister  status: 200
""2023-01-30 13:35:02 INFO  - Completed shut down of DiscoveryClient
""2023-01-30 13:35:08 INFO  - Starting ProductMicroserviceApplication using Java 19.0.1 with PID 14348 (E:\Microservices-projects\Microservices_project\Product-Microservice\target\classes started by RAJA PALAI in E:\Microservices-projects\Microservices_project\Inventory-Microservice)
""2023-01-30 13:35:08 INFO  - No active profile set, falling back to 1 default profile: "default"
""2023-01-30 13:35:08 INFO  - Devtools property defaults active! Set 'spring.devtools.add-properties' to 'false' to disable
""2023-01-30 13:35:08 INFO  - For additional web related logging consider setting the 'logging.level.web' property to 'DEBUG'
""2023-01-30 13:35:09 INFO  - Bootstrapping Spring Data MongoDB repositories in DEFAULT mode.
""2023-01-30 13:35:09 INFO  - Finished Spring Data repository scanning in 175 ms. Found 1 MongoDB repository interfaces.
""2023-01-30 13:35:09 INFO  - BeanFactory id=517bdbfb-5a9d-3a63-b57e-5ab40a9838ee
""2023-01-30 13:35:09 INFO  - Bean 'com.productMicroservice.clientConfigServices.ApiClient' of type [org.springframework.cloud.openfeign.FeignClientFactoryBean] is not eligible for getting processed by all BeanPostProcessors (for example: not eligible for auto-proxying)
""2023-01-30 13:35:10 INFO  - Tomcat initialized with port(s): 9001 (http)
""2023-01-30 13:35:10 INFO  - Starting service [Tomcat]
""2023-01-30 13:35:10 INFO  - Starting Servlet engine: [Apache Tomcat/10.1.4]
""2023-01-30 13:35:11 INFO  - Initializing Spring embedded WebApplicationContext
""2023-01-30 13:35:11 INFO  - Root WebApplicationContext: initialization completed in 2824 ms
""2023-01-30 13:35:11 INFO  - MongoClient with metadata {"driver": {"name": "mongo-java-driver|sync|spring-boot", "version": "4.8.1"}, "os": {"type": "Windows", "name": "Windows 11", "architecture": "amd64", "version": "10.0"}, "platform": "Java/Oracle Corporation/19.0.1+10-21"} created with settings MongoClientSettings{readPreference=primary, writeConcern=WriteConcern{w=null, wTimeout=null ms, journal=null}, retryWrites=true, retryReads=true, readConcern=ReadConcern{level=null}, credential=null, streamFactoryFactory=null, commandListeners=[], codecRegistry=ProvidersCodecRegistry{codecProviders=[ValueCodecProvider{}, BsonValueCodecProvider{}, DBRefCodecProvider{}, DBObjectCodecProvider{}, DocumentCodecProvider{}, CollectionCodecProvider{}, IterableCodecProvider{}, MapCodecProvider{}, GeoJsonCodecProvider{}, GridFSFileCodecProvider{}, Jsr310CodecProvider{}, JsonObjectCodecProvider{}, BsonCodecProvider{}, EnumCodecProvider{}, com.mongodb.Jep395RecordCodecProvider@bff219c]}, clusterSettings={hosts=[localhost:27017], srvServiceName=mongodb, mode=SINGLE, requiredClusterType=UNKNOWN, requiredReplicaSetName='null', serverSelector='null', clusterListeners='[]', serverSelectionTimeout='30000 ms', localThreshold='30000 ms'}, socketSettings=SocketSettings{connectTimeoutMS=10000, readTimeoutMS=0, receiveBufferSize=0, sendBufferSize=0}, heartbeatSocketSettings=SocketSettings{connectTimeoutMS=10000, readTimeoutMS=10000, receiveBufferSize=0, sendBufferSize=0}, connectionPoolSettings=ConnectionPoolSettings{maxSize=100, minSize=0, maxWaitTimeMS=120000, maxConnectionLifeTimeMS=0, maxConnectionIdleTimeMS=0, maintenanceInitialDelayMS=0, maintenanceFrequencyMS=60000, connectionPoolListeners=[], maxConnecting=2}, serverSettings=ServerSettings{heartbeatFrequencyMS=10000, minHeartbeatFrequencyMS=500, serverListeners='[]', serverMonitorListeners='[]'}, sslSettings=SslSettings{enabled=false, invalidHostNameAllowed=false, context=null}, applicationName='null', compressorList=[], uuidRepresentation=STANDARD, serverApi=null, autoEncryptionSettings=null, contextProvider=null}
""2023-01-30 13:35:11 INFO  - Monitor thread successfully connected to server with description ServerDescription{address=localhost:27017, type=STANDALONE, state=CONNECTED, ok=true, minWireVersion=0, maxWireVersion=13, maxDocumentSize=16777216, logicalSessionTimeoutMinutes=30, roundTripTimeNanos=40874601}
""2023-01-30 13:35:11 WARN  - Unable to start LiveReload server
""2023-01-30 13:35:13 INFO  - Eureka HTTP Client uses RestTemplate.
""2023-01-30 13:35:13 WARN  - Spring Cloud LoadBalancer is currently working with the default cache. While this cache implementation is useful for development and tests, it's recommended to use Caffeine cache in production.You can switch to using Caffeine cache, by adding it and org.springframework.cache.caffeine.CaffeineCacheManager to the classpath.
""2023-01-30 13:35:13 INFO  - Setting initial instance status as: STARTING
""2023-01-30 13:35:13 INFO  - Initializing Eureka in region us-east-1
""2023-01-30 13:35:13 INFO  - Resolving eureka endpoints via configuration
""2023-01-30 13:35:13 INFO  - Disable delta property : false
""2023-01-30 13:35:13 INFO  - Single vip registry refresh property : null
""2023-01-30 13:35:13 INFO  - Force full registry fetch : false
""2023-01-30 13:35:13 INFO  - Application is null : false
""2023-01-30 13:35:13 INFO  - Registered Applications size is zero : true
""2023-01-30 13:35:13 INFO  - Application version is -1: true
""2023-01-30 13:35:13 INFO  - Getting all instance registry info from the eureka server
""2023-01-30 13:35:13 INFO  - The response status is 200
""2023-01-30 13:35:13 INFO  - Starting heartbeat executor: renew interval is: 30
""2023-01-30 13:35:13 INFO  - InstanceInfoReplicator onDemand update allowed rate per min is 4
""2023-01-30 13:35:13 INFO  - Discovery Client initialized at timestamp 1675065913778 with initial instances count: 3
""2023-01-30 13:35:13 INFO  - Registering application PRODUCT-SERVICE with eureka with status UP
""2023-01-30 13:35:13 INFO  - Saw local status change event StatusChangeEvent [timestamp=1675065913784, current=UP, previous=STARTING]
""2023-01-30 13:35:13 INFO  - DiscoveryClient_PRODUCT-SERVICE/host.docker.internal:PRODUCT-SERVICE:9001: registering service...
""2023-01-30 13:35:13 INFO  - Tomcat started on port(s): 9001 (http) with context path ''
""2023-01-30 13:35:13 INFO  - Updating port to 9001
""2023-01-30 13:35:13 INFO  - DiscoveryClient_PRODUCT-SERVICE/host.docker.internal:PRODUCT-SERVICE:9001 - registration status: 204
""2023-01-30 13:35:13 INFO  - Started ProductMicroserviceApplication in 6.526 seconds (process running for 7.201)
""2023-01-30 13:35:30 INFO  - Initializing Spring DispatcherServlet 'dispatcherServlet'
""2023-01-30 13:35:30 INFO  - ProductService:getProductById execution started.
""2023-01-30 13:35:30 INFO  - InventoryDTO(inventoryId=6aed, productId=6fbdadde, quantity=10, isInStock=true) 
""2023-01-30 13:35:30 INFO  - ProductService:getProductById execution ended.
""2023-01-30 13:35:30 INFO  - ProductController::getProduct by id  6fbdadde
""2023-01-30 13:35:30 INFO  - ProductController::getProduct by id  6fbdadde response {"productId":"6fbdadde","productName":"Apple Iphone","productDescription":"APPLE iPhone 13 (Blue, 128 GB)","productAmount":61999,"productType":"Mobiles & Tablets","productSupplierName":"iDestiny","productSupplierCode":"37106c24","inventory":{"inventoryId":"6aed","productId":"6fbdadde","quantity":10,"inStock":true}}
""2023-01-30 13:35:30 INFO  - ProductController::getProduct by id execution ended.
""2023-01-30 13:40:13 INFO  - Resolving eureka endpoints via configuration
""2023-01-30 13:45:13 INFO  - Resolving eureka endpoints via configuration
""2023-01-30 13:50:13 INFO  - Resolving eureka endpoints via configuration
""2023-01-30 13:50:33 INFO  - Unregistering application PRODUCT-SERVICE with eureka with status DOWN
""2023-01-30 13:50:33 INFO  - Saw local status change event StatusChangeEvent [timestamp=1675066833992, current=DOWN, previous=UP]
""2023-01-30 13:50:33 INFO  - DiscoveryClient_PRODUCT-SERVICE/host.docker.internal:PRODUCT-SERVICE:9001: registering service...
""2023-01-30 13:50:33 INFO  - DiscoveryClient_PRODUCT-SERVICE/host.docker.internal:PRODUCT-SERVICE:9001 - registration status: 204
""2023-01-30 13:50:34 INFO  - Shutting down DiscoveryClient ...
""2023-01-30 13:50:37 INFO  - Unregistering ...
""2023-01-30 13:50:37 INFO  - DiscoveryClient_PRODUCT-SERVICE/host.docker.internal:PRODUCT-SERVICE:9001 - deregister  status: 200
""2023-01-30 13:50:37 INFO  - Completed shut down of DiscoveryClient
""2023-01-30 13:50:40 INFO  - Starting ProductMicroserviceApplication using Java 19.0.1 with PID 20324 (E:\Microservices-projects\Microservices_project\Product-Microservice\target\classes started by RAJA PALAI in E:\Microservices-projects\Microservices_project\Inventory-Microservice)
""2023-01-30 13:50:40 INFO  - No active profile set, falling back to 1 default profile: "default"
""2023-01-30 13:50:40 INFO  - Devtools property defaults active! Set 'spring.devtools.add-properties' to 'false' to disable
""2023-01-30 13:50:40 INFO  - For additional web related logging consider setting the 'logging.level.web' property to 'DEBUG'
""2023-01-30 13:50:41 INFO  - Bootstrapping Spring Data MongoDB repositories in DEFAULT mode.
""2023-01-30 13:50:42 INFO  - Finished Spring Data repository scanning in 155 ms. Found 1 MongoDB repository interfaces.
""2023-01-30 13:50:42 INFO  - BeanFactory id=517bdbfb-5a9d-3a63-b57e-5ab40a9838ee
""2023-01-30 13:50:42 INFO  - Bean 'com.productMicroservice.clientConfigServices.ApiClient' of type [org.springframework.cloud.openfeign.FeignClientFactoryBean] is not eligible for getting processed by all BeanPostProcessors (for example: not eligible for auto-proxying)
""2023-01-30 13:50:43 INFO  - Tomcat initialized with port(s): 9001 (http)
""2023-01-30 13:50:43 INFO  - Starting service [Tomcat]
""2023-01-30 13:50:43 INFO  - Starting Servlet engine: [Apache Tomcat/10.1.4]
""2023-01-30 13:50:43 INFO  - Initializing Spring embedded WebApplicationContext
""2023-01-30 13:50:43 INFO  - Root WebApplicationContext: initialization completed in 2288 ms
""2023-01-30 13:50:43 INFO  - MongoClient with metadata {"driver": {"name": "mongo-java-driver|sync|spring-boot", "version": "4.8.1"}, "os": {"type": "Windows", "name": "Windows 11", "architecture": "amd64", "version": "10.0"}, "platform": "Java/Oracle Corporation/19.0.1+10-21"} created with settings MongoClientSettings{readPreference=primary, writeConcern=WriteConcern{w=null, wTimeout=null ms, journal=null}, retryWrites=true, retryReads=true, readConcern=ReadConcern{level=null}, credential=null, streamFactoryFactory=null, commandListeners=[], codecRegistry=ProvidersCodecRegistry{codecProviders=[ValueCodecProvider{}, BsonValueCodecProvider{}, DBRefCodecProvider{}, DBObjectCodecProvider{}, DocumentCodecProvider{}, CollectionCodecProvider{}, IterableCodecProvider{}, MapCodecProvider{}, GeoJsonCodecProvider{}, GridFSFileCodecProvider{}, Jsr310CodecProvider{}, JsonObjectCodecProvider{}, BsonCodecProvider{}, EnumCodecProvider{}, com.mongodb.Jep395RecordCodecProvider@d509558]}, clusterSettings={hosts=[localhost:27017], srvServiceName=mongodb, mode=SINGLE, requiredClusterType=UNKNOWN, requiredReplicaSetName='null', serverSelector='null', clusterListeners='[]', serverSelectionTimeout='30000 ms', localThreshold='30000 ms'}, socketSettings=SocketSettings{connectTimeoutMS=10000, readTimeoutMS=0, receiveBufferSize=0, sendBufferSize=0}, heartbeatSocketSettings=SocketSettings{connectTimeoutMS=10000, readTimeoutMS=10000, receiveBufferSize=0, sendBufferSize=0}, connectionPoolSettings=ConnectionPoolSettings{maxSize=100, minSize=0, maxWaitTimeMS=120000, maxConnectionLifeTimeMS=0, maxConnectionIdleTimeMS=0, maintenanceInitialDelayMS=0, maintenanceFrequencyMS=60000, connectionPoolListeners=[], maxConnecting=2}, serverSettings=ServerSettings{heartbeatFrequencyMS=10000, minHeartbeatFrequencyMS=500, serverListeners='[]', serverMonitorListeners='[]'}, sslSettings=SslSettings{enabled=false, invalidHostNameAllowed=false, context=null}, applicationName='null', compressorList=[], uuidRepresentation=STANDARD, serverApi=null, autoEncryptionSettings=null, contextProvider=null}
""2023-01-30 13:50:43 INFO  - Monitor thread successfully connected to server with description ServerDescription{address=localhost:27017, type=STANDALONE, state=CONNECTED, ok=true, minWireVersion=0, maxWireVersion=13, maxDocumentSize=16777216, logicalSessionTimeoutMinutes=30, roundTripTimeNanos=30141701}
""2023-01-30 13:50:43 WARN  - Unable to start LiveReload server
""2023-01-30 13:50:44 INFO  - Eureka HTTP Client uses RestTemplate.
""2023-01-30 13:50:45 WARN  - Spring Cloud LoadBalancer is currently working with the default cache. While this cache implementation is useful for development and tests, it's recommended to use Caffeine cache in production.You can switch to using Caffeine cache, by adding it and org.springframework.cache.caffeine.CaffeineCacheManager to the classpath.
""2023-01-30 13:50:45 INFO  - Setting initial instance status as: STARTING
""2023-01-30 13:50:45 INFO  - Initializing Eureka in region us-east-1
""2023-01-30 13:50:45 INFO  - Resolving eureka endpoints via configuration
""2023-01-30 13:50:45 INFO  - Disable delta property : false
""2023-01-30 13:50:45 INFO  - Single vip registry refresh property : null
""2023-01-30 13:50:45 INFO  - Force full registry fetch : false
""2023-01-30 13:50:45 INFO  - Application is null : false
""2023-01-30 13:50:45 INFO  - Registered Applications size is zero : true
""2023-01-30 13:50:45 INFO  - Application version is -1: true
""2023-01-30 13:50:45 INFO  - Getting all instance registry info from the eureka server
""2023-01-30 13:50:45 INFO  - The response status is 200
""2023-01-30 13:50:45 INFO  - Starting heartbeat executor: renew interval is: 30
""2023-01-30 13:50:45 INFO  - InstanceInfoReplicator onDemand update allowed rate per min is 4
""2023-01-30 13:50:45 INFO  - Discovery Client initialized at timestamp 1675066845674 with initial instances count: 3
""2023-01-30 13:50:45 INFO  - Registering application PRODUCT-SERVICE with eureka with status UP
""2023-01-30 13:50:45 INFO  - Saw local status change event StatusChangeEvent [timestamp=1675066845678, current=UP, previous=STARTING]
""2023-01-30 13:50:45 INFO  - DiscoveryClient_PRODUCT-SERVICE/host.docker.internal:PRODUCT-SERVICE:9001: registering service...
""2023-01-30 13:50:45 INFO  - Tomcat started on port(s): 9001 (http) with context path ''
""2023-01-30 13:50:45 INFO  - Updating port to 9001
""2023-01-30 13:50:45 INFO  - DiscoveryClient_PRODUCT-SERVICE/host.docker.internal:PRODUCT-SERVICE:9001 - registration status: 204
""2023-01-30 13:50:45 INFO  - Started ProductMicroserviceApplication in 5.7 seconds (process running for 6.344)
""2023-01-30 13:51:47 INFO  - Initializing Spring DispatcherServlet 'dispatcherServlet'
""2023-01-30 13:51:47 INFO  - ProductService:getListOfProducts execution started.
""2023-01-30 13:51:47 INFO  - ProductController::getProducts execution started.
""2023-01-30 13:51:47 INFO  - ProductController::getProducts response {"statusCode":"Success","result":[{"productId":"6fbdadde","productName":"Apple Iphone","productDescription":"APPLE iPhone 13 (Blue, 128 GB)","productAmount":61999,"productType":"Mobiles & Tablets","productSupplierName":"iDestiny","productSupplierCode":"37106c24"}]}
""2023-01-30 13:51:47 INFO  - ProductController::getProducts execution ended.
""2023-01-30 13:54:14 INFO  - ProductService:getProductById execution started.
""2023-01-30 13:54:14 INFO  - InventoryDTO(inventoryId=6aed, productId=6fbdadde, quantity=10, isInStock=true) 
""2023-01-30 13:54:14 INFO  - ProductService:getProductById execution ended.
""2023-01-30 13:54:14 INFO  - ProductController::getProduct by id  6fbdadde
""2023-01-30 13:54:14 INFO  - ProductController::getProduct by id  6fbdadde response {"productId":"6fbdadde","productName":"Apple Iphone","productDescription":"APPLE iPhone 13 (Blue, 128 GB)","productAmount":61999,"productType":"Mobiles & Tablets","productSupplierName":"iDestiny","productSupplierCode":"37106c24","inventory":{"inventoryId":"6aed","productId":"6fbdadde","quantity":10,"inStock":true}}
""2023-01-30 13:54:14 INFO  - ProductController::getProduct by id execution ended.
""2023-01-30 13:55:45 INFO  - Resolving eureka endpoints via configuration
""2023-01-30 13:59:15 INFO  - ProductService:getListOfProducts execution started.
""2023-01-30 13:59:15 INFO  - ProductController::getProducts execution started.
""2023-01-30 13:59:15 INFO  - ProductController::getProducts response {"statusCode":"Success","result":[{"productId":"6fbdadde","productName":"Apple Iphone","productDescription":"APPLE iPhone 13 (Blue, 128 GB)","productAmount":61999,"productType":"Mobiles & Tablets","productSupplierName":"iDestiny","productSupplierCode":"37106c24"}]}
""2023-01-30 13:59:15 INFO  - ProductController::getProducts execution ended.
""2023-01-30 14:00:45 INFO  - Resolving eureka endpoints via configuration
""2023-01-30 14:05:45 INFO  - Resolving eureka endpoints via configuration
""2023-01-30 14:10:45 INFO  - Resolving eureka endpoints via configuration
""2023-01-30 14:15:45 INFO  - Resolving eureka endpoints via configuration
""2023-01-30 14:16:00 INFO  - ProductService:getProductById execution started.
""2023-01-30 14:16:00 INFO  - InventoryDTO(inventoryId=6aed, productId=6fbdadde, quantity=10, isInStock=true) 
""2023-01-30 14:16:00 INFO  - ProductService:getProductById execution ended.
""2023-01-30 14:16:00 INFO  - ProductController::getProduct by id  6fbdadde
""2023-01-30 14:16:00 INFO  - ProductController::getProduct by id  6fbdadde response {"productId":"6fbdadde","productName":"Apple Iphone","productDescription":"APPLE iPhone 13 (Blue, 128 GB)","productAmount":61999,"productType":"Mobiles & Tablets","productSupplierName":"iDestiny","productSupplierCode":"37106c24","inventory":{"inventoryId":"6aed","productId":"6fbdadde","quantity":10,"inStock":true}}
""2023-01-30 14:16:00 INFO  - ProductController::getProduct by id execution ended.
""2023-01-30 14:20:45 INFO  - Resolving eureka endpoints via configuration
""2023-01-30 14:21:17 INFO  - Unregistering application PRODUCT-SERVICE with eureka with status DOWN
""2023-01-30 14:21:17 INFO  - Saw local status change event StatusChangeEvent [timestamp=1675068677863, current=DOWN, previous=UP]
""2023-01-30 14:21:17 INFO  - DiscoveryClient_PRODUCT-SERVICE/host.docker.internal:PRODUCT-SERVICE:9001: registering service...
""2023-01-30 14:21:17 INFO  - DiscoveryClient_PRODUCT-SERVICE/host.docker.internal:PRODUCT-SERVICE:9001 - registration status: 204
""2023-01-30 14:21:17 INFO  - Shutting down DiscoveryClient ...
""2023-01-30 14:21:20 INFO  - Unregistering ...
""2023-01-30 14:21:20 INFO  - DiscoveryClient_PRODUCT-SERVICE/host.docker.internal:PRODUCT-SERVICE:9001 - deregister  status: 200
""2023-01-30 14:21:20 INFO  - Completed shut down of DiscoveryClient
""2023-01-30 14:21:27 INFO  - Starting ProductMicroserviceApplication using Java 19.0.1 with PID 4280 (E:\Microservices-projects\Microservices_project\Product-Microservice\target\classes started by RAJA PALAI in E:\Microservices-projects\Microservices_project\Inventory-Microservice)
""2023-01-30 14:21:27 INFO  - No active profile set, falling back to 1 default profile: "default"
""2023-01-30 14:21:27 INFO  - Devtools property defaults active! Set 'spring.devtools.add-properties' to 'false' to disable
""2023-01-30 14:21:27 INFO  - For additional web related logging consider setting the 'logging.level.web' property to 'DEBUG'
""2023-01-30 14:21:28 INFO  - Bootstrapping Spring Data MongoDB repositories in DEFAULT mode.
""2023-01-30 14:21:28 INFO  - Finished Spring Data repository scanning in 162 ms. Found 1 MongoDB repository interfaces.
""2023-01-30 14:21:28 INFO  - BeanFactory id=517bdbfb-5a9d-3a63-b57e-5ab40a9838ee
""2023-01-30 14:21:28 INFO  - Bean 'com.productMicroservice.clientConfigServices.ApiClient' of type [org.springframework.cloud.openfeign.FeignClientFactoryBean] is not eligible for getting processed by all BeanPostProcessors (for example: not eligible for auto-proxying)
""2023-01-30 14:21:29 INFO  - Tomcat initialized with port(s): 9001 (http)
""2023-01-30 14:21:29 INFO  - Starting service [Tomcat]
""2023-01-30 14:21:29 INFO  - Starting Servlet engine: [Apache Tomcat/10.1.4]
""2023-01-30 14:21:29 INFO  - Initializing Spring embedded WebApplicationContext
""2023-01-30 14:21:29 INFO  - Root WebApplicationContext: initialization completed in 2669 ms
""2023-01-30 14:21:30 INFO  - MongoClient with metadata {"driver": {"name": "mongo-java-driver|sync|spring-boot", "version": "4.8.1"}, "os": {"type": "Windows", "name": "Windows 11", "architecture": "amd64", "version": "10.0"}, "platform": "Java/Oracle Corporation/19.0.1+10-21"} created with settings MongoClientSettings{readPreference=primary, writeConcern=WriteConcern{w=null, wTimeout=null ms, journal=null}, retryWrites=true, retryReads=true, readConcern=ReadConcern{level=null}, credential=null, streamFactoryFactory=null, commandListeners=[], codecRegistry=ProvidersCodecRegistry{codecProviders=[ValueCodecProvider{}, BsonValueCodecProvider{}, DBRefCodecProvider{}, DBObjectCodecProvider{}, DocumentCodecProvider{}, CollectionCodecProvider{}, IterableCodecProvider{}, MapCodecProvider{}, GeoJsonCodecProvider{}, GridFSFileCodecProvider{}, Jsr310CodecProvider{}, JsonObjectCodecProvider{}, BsonCodecProvider{}, EnumCodecProvider{}, com.mongodb.Jep395RecordCodecProvider@2431af3]}, clusterSettings={hosts=[localhost:27017], srvServiceName=mongodb, mode=SINGLE, requiredClusterType=UNKNOWN, requiredReplicaSetName='null', serverSelector='null', clusterListeners='[]', serverSelectionTimeout='30000 ms', localThreshold='30000 ms'}, socketSettings=SocketSettings{connectTimeoutMS=10000, readTimeoutMS=0, receiveBufferSize=0, sendBufferSize=0}, heartbeatSocketSettings=SocketSettings{connectTimeoutMS=10000, readTimeoutMS=10000, receiveBufferSize=0, sendBufferSize=0}, connectionPoolSettings=ConnectionPoolSettings{maxSize=100, minSize=0, maxWaitTimeMS=120000, maxConnectionLifeTimeMS=0, maxConnectionIdleTimeMS=0, maintenanceInitialDelayMS=0, maintenanceFrequencyMS=60000, connectionPoolListeners=[], maxConnecting=2}, serverSettings=ServerSettings{heartbeatFrequencyMS=10000, minHeartbeatFrequencyMS=500, serverListeners='[]', serverMonitorListeners='[]'}, sslSettings=SslSettings{enabled=false, invalidHostNameAllowed=false, context=null}, applicationName='null', compressorList=[], uuidRepresentation=STANDARD, serverApi=null, autoEncryptionSettings=null, contextProvider=null}
""2023-01-30 14:21:30 INFO  - Monitor thread successfully connected to server with description ServerDescription{address=localhost:27017, type=STANDALONE, state=CONNECTED, ok=true, minWireVersion=0, maxWireVersion=13, maxDocumentSize=16777216, logicalSessionTimeoutMinutes=30, roundTripTimeNanos=24147000}
""2023-01-30 14:21:30 WARN  - Unable to start LiveReload server
""2023-01-30 14:21:31 INFO  - Eureka HTTP Client uses RestTemplate.
""2023-01-30 14:21:31 WARN  - Spring Cloud LoadBalancer is currently working with the default cache. While this cache implementation is useful for development and tests, it's recommended to use Caffeine cache in production.You can switch to using Caffeine cache, by adding it and org.springframework.cache.caffeine.CaffeineCacheManager to the classpath.
""2023-01-30 14:21:31 INFO  - Setting initial instance status as: STARTING
""2023-01-30 14:21:31 INFO  - Initializing Eureka in region us-east-1
""2023-01-30 14:21:31 INFO  - Resolving eureka endpoints via configuration
""2023-01-30 14:21:31 INFO  - Disable delta property : false
""2023-01-30 14:21:31 INFO  - Single vip registry refresh property : null
""2023-01-30 14:21:31 INFO  - Force full registry fetch : false
""2023-01-30 14:21:31 INFO  - Application is null : false
""2023-01-30 14:21:31 INFO  - Registered Applications size is zero : true
""2023-01-30 14:21:31 INFO  - Application version is -1: true
""2023-01-30 14:21:31 INFO  - Getting all instance registry info from the eureka server
""2023-01-30 14:21:32 INFO  - The response status is 200
""2023-01-30 14:21:32 INFO  - Starting heartbeat executor: renew interval is: 30
""2023-01-30 14:21:32 INFO  - InstanceInfoReplicator onDemand update allowed rate per min is 4
""2023-01-30 14:21:32 INFO  - Discovery Client initialized at timestamp 1675068692175 with initial instances count: 2
""2023-01-30 14:21:32 INFO  - Registering application PRODUCT-SERVICE with eureka with status UP
""2023-01-30 14:21:32 INFO  - Saw local status change event StatusChangeEvent [timestamp=1675068692179, current=UP, previous=STARTING]
""2023-01-30 14:21:32 INFO  - DiscoveryClient_PRODUCT-SERVICE/host.docker.internal:PRODUCT-SERVICE:9001: registering service...
""2023-01-30 14:21:32 INFO  - Tomcat started on port(s): 9001 (http) with context path ''
""2023-01-30 14:21:32 INFO  - Updating port to 9001
""2023-01-30 14:21:32 INFO  - DiscoveryClient_PRODUCT-SERVICE/host.docker.internal:PRODUCT-SERVICE:9001 - registration status: 204
""2023-01-30 14:21:32 INFO  - Started ProductMicroserviceApplication in 5.98 seconds (process running for 6.61)
""2023-01-30 14:22:23 INFO  - Initializing Spring DispatcherServlet 'dispatcherServlet'
""2023-01-30 14:22:23 INFO  - ProductController::getProduct by id  6fbdadde
""2023-01-30 14:22:23 INFO  - ProductService:getProductById execution started.
""2023-01-30 14:22:23 INFO  - InventoryDTO(inventoryId=6aed, productId=6fbdadde, quantity=10, isInStock=true) 
""2023-01-30 14:22:23 INFO  - ProductService:getProductById execution ended.
""2023-01-30 14:22:23 INFO  - ProductController::getProduct by id  6fbdadde response {"productId":"6fbdadde","productName":"Apple Iphone","productDescription":"APPLE iPhone 13 (Blue, 128 GB)","productAmount":61999,"productType":"Mobiles & Tablets","productSupplierName":"iDestiny","productSupplierCode":"37106c24","inventory":{"inventoryId":"6aed","productId":"6fbdadde","quantity":10,"inStock":true}}
""2023-01-30 14:22:23 INFO  - ProductController::getProduct by id execution ended.
""2023-01-30 14:26:31 INFO  - Resolving eureka endpoints via configuration
""2023-01-30 14:31:31 INFO  - Resolving eureka endpoints via configuration
""2023-01-30 14:36:31 INFO  - Resolving eureka endpoints via configuration
""2023-01-30 14:41:31 INFO  - Resolving eureka endpoints via configuration
""2023-01-30 14:46:31 INFO  - Resolving eureka endpoints via configuration
""2023-01-30 14:51:31 INFO  - Resolving eureka endpoints via configuration
""2023-01-30 14:56:31 INFO  - Resolving eureka endpoints via configuration
""2023-01-30 15:01:31 INFO  - Resolving eureka endpoints via configuration
""2023-01-30 15:06:31 INFO  - Resolving eureka endpoints via configuration
""2023-01-30 15:11:31 INFO  - Resolving eureka endpoints via configuration
"