"2023-03-01 12:50:35 INFO  c.i.InventoryMicroserviceApplication - Starting InventoryMicroserviceApplication using Java 19.0.1 with PID 10252 (E:\Microservices-projects\Microservices_project\Inventory-Microservice\target\classes started by RAJA PALAI in E:\Microservices-projects\Microservices_project\Service-Registry-Eureka)
""2023-03-01 12:50:35 INFO  c.i.InventoryMicroserviceApplication - No active profile set, falling back to 1 default profile: "default"
""2023-03-01 12:50:35 INFO  o.s.b.d.e.DevToolsPropertyDefaultsPostProcessor - Devtools property defaults active! Set 'spring.devtools.add-properties' to 'false' to disable
""2023-03-01 12:50:35 INFO  o.s.b.d.e.DevToolsPropertyDefaultsPostProcessor - For additional web related logging consider setting the 'logging.level.web' property to 'DEBUG'
""2023-03-01 12:50:37 INFO  o.s.d.r.c.RepositoryConfigurationDelegate - Bootstrapping Spring Data MongoDB repositories in DEFAULT mode.
""2023-03-01 12:50:37 INFO  o.s.d.r.c.RepositoryConfigurationDelegate - Finished Spring Data repository scanning in 254 ms. Found 1 MongoDB repository interfaces.
""2023-03-01 12:50:38 INFO  o.s.cloud.context.scope.GenericScope - BeanFactory id=31208078-a384-3687-8419-5b22a3d64944
""2023-03-01 12:50:39 INFO  o.s.b.w.e.tomcat.TomcatWebServer - Tomcat initialized with port(s): 9002 (http)
""2023-03-01 12:50:39 INFO  o.a.catalina.core.StandardService - Starting service [Tomcat]
""2023-03-01 12:50:39 INFO  o.a.catalina.core.StandardEngine - Starting Servlet engine: [Apache Tomcat/10.1.5]
""2023-03-01 12:50:39 INFO  o.a.c.c.C.[Tomcat].[localhost].[/] - Initializing Spring embedded WebApplicationContext
""2023-03-01 12:50:39 INFO  o.s.b.w.s.c.ServletWebServerApplicationContext - Root WebApplicationContext: initialization completed in 4355 ms
""2023-03-01 12:50:40 INFO  org.mongodb.driver.client - MongoClient with metadata {"driver": {"name": "mongo-java-driver|sync|spring-boot", "version": "4.8.2"}, "os": {"type": "Windows", "name": "Windows 11", "architecture": "amd64", "version": "10.0"}, "platform": "Java/Oracle Corporation/19.0.1+10-21"} created with settings MongoClientSettings{readPreference=primary, writeConcern=WriteConcern{w=null, wTimeout=null ms, journal=null}, retryWrites=true, retryReads=true, readConcern=ReadConcern{level=null}, credential=null, streamFactoryFactory=null, commandListeners=[], codecRegistry=ProvidersCodecRegistry{codecProviders=[ValueCodecProvider{}, BsonValueCodecProvider{}, DBRefCodecProvider{}, DBObjectCodecProvider{}, DocumentCodecProvider{}, CollectionCodecProvider{}, IterableCodecProvider{}, MapCodecProvider{}, GeoJsonCodecProvider{}, GridFSFileCodecProvider{}, Jsr310CodecProvider{}, JsonObjectCodecProvider{}, BsonCodecProvider{}, EnumCodecProvider{}, com.mongodb.Jep395RecordCodecProvider@1e6fbf56]}, clusterSettings={hosts=[localhost:27017], srvServiceName=mongodb, mode=SINGLE, requiredClusterType=UNKNOWN, requiredReplicaSetName='null', serverSelector='null', clusterListeners='[]', serverSelectionTimeout='30000 ms', localThreshold='30000 ms'}, socketSettings=SocketSettings{connectTimeoutMS=10000, readTimeoutMS=0, receiveBufferSize=0, sendBufferSize=0}, heartbeatSocketSettings=SocketSettings{connectTimeoutMS=10000, readTimeoutMS=10000, receiveBufferSize=0, sendBufferSize=0}, connectionPoolSettings=ConnectionPoolSettings{maxSize=100, minSize=0, maxWaitTimeMS=120000, maxConnectionLifeTimeMS=0, maxConnectionIdleTimeMS=0, maintenanceInitialDelayMS=0, maintenanceFrequencyMS=60000, connectionPoolListeners=[], maxConnecting=2}, serverSettings=ServerSettings{heartbeatFrequencyMS=10000, minHeartbeatFrequencyMS=500, serverListeners='[]', serverMonitorListeners='[]'}, sslSettings=SslSettings{enabled=false, invalidHostNameAllowed=false, context=null}, applicationName='null', compressorList=[], uuidRepresentation=JAVA_LEGACY, serverApi=null, autoEncryptionSettings=null, contextProvider=null}
""2023-03-01 12:50:40 INFO  org.mongodb.driver.cluster - Monitor thread successfully connected to server with description ServerDescription{address=localhost:27017, type=STANDALONE, state=CONNECTED, ok=true, minWireVersion=0, maxWireVersion=13, maxDocumentSize=16777216, logicalSessionTimeoutMinutes=30, roundTripTimeNanos=41974500}
""2023-03-01 12:50:40 WARN  o.s.b.d.a.OptionalLiveReloadServer - Unable to start LiveReload server
""2023-03-01 12:50:43 INFO  o.s.c.n.e.c.DiscoveryClientOptionalArgsConfiguration - Eureka HTTP Client uses RestTemplate.
""2023-03-01 12:50:43 WARN  o.s.c.l.c.LoadBalancerCacheAutoConfiguration$LoadBalancerCaffeineWarnLogger - Spring Cloud LoadBalancer is currently working with the default cache. While this cache implementation is useful for development and tests, it's recommended to use Caffeine cache in production.You can switch to using Caffeine cache, by adding it and org.springframework.cache.caffeine.CaffeineCacheManager to the classpath.
""2023-03-01 12:50:43 INFO  o.s.c.n.eureka.InstanceInfoFactory - Setting initial instance status as: STARTING
""2023-03-01 12:50:43 INFO  c.netflix.discovery.DiscoveryClient - Initializing Eureka in region us-east-1
""2023-03-01 12:50:43 INFO  c.n.d.s.r.aws.ConfigClusterResolver - Resolving eureka endpoints via configuration
""2023-03-01 12:50:43 INFO  c.netflix.discovery.DiscoveryClient - Disable delta property : false
""2023-03-01 12:50:43 INFO  c.netflix.discovery.DiscoveryClient - Single vip registry refresh property : null
""2023-03-01 12:50:43 INFO  c.netflix.discovery.DiscoveryClient - Force full registry fetch : false
""2023-03-01 12:50:43 INFO  c.netflix.discovery.DiscoveryClient - Application is null : false
""2023-03-01 12:50:43 INFO  c.netflix.discovery.DiscoveryClient - Registered Applications size is zero : true
""2023-03-01 12:50:43 INFO  c.netflix.discovery.DiscoveryClient - Application version is -1: true
""2023-03-01 12:50:43 INFO  c.netflix.discovery.DiscoveryClient - Getting all instance registry info from the eureka server
""2023-03-01 12:50:44 INFO  c.netflix.discovery.DiscoveryClient - The response status is 200
""2023-03-01 12:50:44 INFO  c.netflix.discovery.DiscoveryClient - Starting heartbeat executor: renew interval is: 30
""2023-03-01 12:50:44 INFO  c.n.discovery.InstanceInfoReplicator - InstanceInfoReplicator onDemand update allowed rate per min is 4
""2023-03-01 12:50:44 INFO  c.netflix.discovery.DiscoveryClient - Discovery Client initialized at timestamp 1677655244361 with initial instances count: 0
""2023-03-01 12:50:44 INFO  o.s.c.n.e.s.EurekaServiceRegistry - Registering application INVENTORY-SERVICE with eureka with status UP
""2023-03-01 12:50:44 INFO  c.netflix.discovery.DiscoveryClient - Saw local status change event StatusChangeEvent [timestamp=1677655244366, current=UP, previous=STARTING]
""2023-03-01 12:50:44 INFO  c.netflix.discovery.DiscoveryClient - DiscoveryClient_INVENTORY-SERVICE/LAPTOP-S7I1GPA2:INVENTORY-SERVICE:9002: registering service...
""2023-03-01 12:50:44 INFO  o.s.b.w.e.tomcat.TomcatWebServer - Tomcat started on port(s): 9002 (http) with context path ''
""2023-03-01 12:50:44 INFO  o.s.c.n.e.s.EurekaAutoServiceRegistration - Updating port to 9002
""2023-03-01 12:50:44 INFO  c.netflix.discovery.DiscoveryClient - DiscoveryClient_INVENTORY-SERVICE/LAPTOP-S7I1GPA2:INVENTORY-SERVICE:9002 - registration status: 204
""2023-03-01 12:50:44 INFO  c.i.InventoryMicroserviceApplication - Started InventoryMicroserviceApplication in 10.169 seconds (process running for 11.345)
""2023-03-01 12:51:14 INFO  c.netflix.discovery.DiscoveryClient - Disable delta property : false
""2023-03-01 12:51:14 INFO  c.netflix.discovery.DiscoveryClient - Single vip registry refresh property : null
""2023-03-01 12:51:14 INFO  c.netflix.discovery.DiscoveryClient - Force full registry fetch : false
""2023-03-01 12:51:14 INFO  c.netflix.discovery.DiscoveryClient - Application is null : false
""2023-03-01 12:51:14 INFO  c.netflix.discovery.DiscoveryClient - Registered Applications size is zero : true
""2023-03-01 12:51:14 INFO  c.netflix.discovery.DiscoveryClient - Application version is -1: false
""2023-03-01 12:51:14 INFO  c.netflix.discovery.DiscoveryClient - Getting all instance registry info from the eureka server
""2023-03-01 12:51:14 INFO  c.netflix.discovery.DiscoveryClient - The response status is 200
""2023-03-01 12:53:02 INFO  o.a.c.c.C.[Tomcat].[localhost].[/] - Initializing Spring DispatcherServlet 'dispatcherServlet'
"